<?xml version="1.0" encoding="UTF-8"?>
<testsuite xmlns:xsi="http://www.w3.org/2001/XMLSchema-instance" xsi:noNamespaceSchemaLocation="https://maven.apache.org/surefire/maven-surefire-plugin/xsd/surefire-test-report.xsd" name="com.ecc.app.ScannerUtilTest" time="0.03" tests="4" errors="0" skipped="0" failures="0">
  <properties>
[...]
</properties>
  <testcase name="testGetFloat" classname="com.ecc.app.ScannerUtilTest" time="0.019"/>
  <testcase name="testGetBoolean" classname="com.ecc.app.ScannerUtilTest" time="0.002"/>
  <testcase name="testGetInt" classname="com.ecc.app.ScannerUtilTest" time="0.001"/>
  <testcase name="testGetString" classname="com.ecc.app.ScannerUtilTest" time="0.001"/>
</testsuite>