<?xml version="1.0" encoding="UTF-8"?>
<testsuite xmlns:xsi="http://www.w3.org/2001/XMLSchema-instance" xsi:noNamespaceSchemaLocation="https://maven.apache.org/surefire/maven-surefire-plugin/xsd/surefire-test-report.xsd" name="com.ecc.app.GeneratorServiceTest" time="0.167" tests="11" errors="0" skipped="0" failures="0">
  <properties>
[...]
</properties>
  <testcase name="testGenerateDateOfBirth" classname="com.ecc.app.GeneratorServiceTest" time="0.06"/>
  <testcase name="testGenerateCurrentlyEmployed" classname="com.ecc.app.GeneratorServiceTest" time="0.002"/>
  <testcase name="testGenerateName" classname="com.ecc.app.GeneratorServiceTest" time="0.005"/>
  <testcase name="testGenerateRole" classname="com.ecc.app.GeneratorServiceTest" time="0.002"/>
  <testcase name="testGenerateRoles" classname="com.ecc.app.GeneratorServiceTest" time="0.002"/>
  <testcase name="testGenerateAddress" classname="com.ecc.app.GeneratorServiceTest" time="0.004"/>
  <testcase name="testGenerateId" classname="com.ecc.app.GeneratorServiceTest" time="0.004"/>
  <testcase name="testGenerateDateHired" classname="com.ecc.app.GeneratorServiceTest" time="0.003"/>
  <testcase name="testGenerateGwa" classname="com.ecc.app.GeneratorServiceTest" time="0.004"/>
  <testcase name="testGeneratePerson" classname="com.ecc.app.GeneratorServiceTest" time="0.051"/>
  <testcase name="testGenerateContact" classname="com.ecc.app.GeneratorServiceTest" time="0.01"/>
</testsuite>